23:37:17 - GestureControl - CRITICAL - Error inicializando módulos: GesturePipeline.__init__() got an unexpected keyword argument 'hand_enabled'
23:42:10 - GestureControl - CRITICAL - Error inicializando módulos: name 'QLineEdit' is not defined
00:05:25 - GestureControl - ERROR - Error durante la limpieza: 'GesturePipeline' object has no attribute 'cleanup'
00:20:50 - GestureControl - ERROR - Error durante la limpieza: 'GesturePipeline' object has no attribute 'cleanup'
00:33:57 - GestureControl - CRITICAL - Error inicializando módulos: module 'json' has no attribute 'safe_load'
00:36:26 - GestureControl - CRITICAL - Error inicializando módulos: module 'json' has no attribute 'safe_load'
00:39:02 - GestureControl - CRITICAL - Error inicializando módulos: Expecting value: line 1 column 1 (char 0)
00:56:21 - GestureControl - ERROR - Error durante la limpieza: 'GesturePipeline' object has no attribute 'cleanup'
01:05:17 - GestureControl - ERROR - Error durante la limpieza: 'GesturePipeline' object has no attribute 'cleanup'
01:28:08 - GestureControl - ERROR - Error durante la limpieza: 'GesturePipeline' object has no attribute 'cleanup'
05:08:22 - GestureControl - ERROR - Error durante la limpieza: 'GesturePipeline' object has no attribute 'cleanup'
11:07:52 - GestureControl - WARNING - ⚠️  Gestos 'hand_gestures' incompleto, omitiendo
11:07:52 - GestureControl - WARNING - ⚠️  Gestos 'arm_gestures' incompleto, omitiendo
11:08:09 - GestureControl - WARNING - ⚠️  Gestos 'hand_gestures' incompleto, omitiendo
11:08:09 - GestureControl - WARNING - ⚠️  Gestos 'arm_gestures' incompleto, omitiendo
11:11:26 - GestureControl - WARNING - ⚠️  Gestos 'hand_gestures' incompleto, omitiendo
11:11:26 - GestureControl - WARNING - ⚠️  Gestos 'arm_gestures' incompleto, omitiendo
11:12:20 - GestureControl - WARNING - ⚠️  Gestos 'hand_gestures' incompleto, omitiendo
11:12:20 - GestureControl - WARNING - ⚠️  Gestos 'arm_gestures' incompleto, omitiendo
11:31:03 - GestureControl - WARNING - ⚠️  Gestos 'hand_gestures' incompleto, omitiendo
11:31:03 - GestureControl - WARNING - ⚠️  Gestos 'arm_gestures' incompleto, omitiendo
